Build started 11/18/2013 4:32:22 PM.
     1>Project "C:\Users\Matt\Documents\GitHub\Water-Sand-Box\WaterSimulationTest\WaterSimulationTest.vcxproj" on node 2 (rebuild target(s)).
     1>_PrepareForClean:
         Deleting file "Release\WaterSimulationTest.lastbuildstate".
       InitializeBuildStatus:
         Touching "Release\WaterSimulationTest.unsuccessfulbuild".
       ClCompile:
         c:\Program Files (x86)\Microsoft Visual Studio 10.0\VC\bin\CL.exe /c /Zi /nologo /W3 /WX- /O2 /Oi /Oy- /GL /D WIN32 /D NDEBUG /D _CONSOLE /D GLUT_BUILDING_LIB /D _UNICODE /D UNICODE /Gm- /EHsc /MD /GS /Gy /fp:precise /Zc:wchar_t /Zc:forScope /Fo"Release\\" /Fd"Release\vc100.pdb" /Gd /TP /analyze- /errorReport:prompt FIELD_2D.cpp FIELD_3D.cpp glvu\glvu.cpp HW1.cpp PARTICLE.cpp PARTICLE_SYSTEM.cpp stdafx.cpp WALL.cpp WaterSimulationTest.cpp
         FIELD_2D.cpp
         FIELD_3D.cpp
         glvu.cpp
     1>c:\users\matt\documents\github\water-sand-box\watersimulationtest\glvu\glvu.h(29): fatal error C1083: Cannot open include file: 'glvuVec3f.h': No such file or directory
         HW1.cpp
     1>HW1.cpp(21): fatal error C1083: Cannot open include file: '../gluv/glvu.h': No such file or directory
         PARTICLE.cpp
         PARTICLE_SYSTEM.cpp
     1>PARTICLE_SYSTEM.cpp(225): warning C4018: '<' : signed/unsigned mismatch
     1>PARTICLE_SYSTEM.cpp(226): warning C4018: '<' : signed/unsigned mismatch
     1>PARTICLE_SYSTEM.cpp(227): warning C4018: '<' : signed/unsigned mismatch
     1>PARTICLE_SYSTEM.cpp(233): warning C4018: '<' : signed/unsigned mismatch
     1>PARTICLE_SYSTEM.cpp(314): warning C4018: '<' : signed/unsigned mismatch
     1>PARTICLE_SYSTEM.cpp(368): warning C4018: '<' : signed/unsigned mismatch
     1>PARTICLE_SYSTEM.cpp(435): warning C4018: '<' : signed/unsigned mismatch
     1>PARTICLE_SYSTEM.cpp(457): warning C4018: '<' : signed/unsigned mismatch
     1>PARTICLE_SYSTEM.cpp(492): warning C4018: '<' : signed/unsigned mismatch
     1>PARTICLE_SYSTEM.cpp(522): warning C4018: '<' : signed/unsigned mismatch
     1>PARTICLE_SYSTEM.cpp(673): warning C4018: '<' : signed/unsigned mismatch
     1>PARTICLE_SYSTEM.cpp(683): warning C4018: '<' : signed/unsigned mismatch
     1>PARTICLE_SYSTEM.cpp(707): warning C4018: '<' : signed/unsigned mismatch
     1>PARTICLE_SYSTEM.cpp(722): warning C4018: '<' : signed/unsigned mismatch
         stdafx.cpp
         WALL.cpp
         WaterSimulationTest.cpp
     1>Done Building Project "C:\Users\Matt\Documents\GitHub\Water-Sand-Box\WaterSimulationTest\WaterSimulationTest.vcxproj" (rebuild target(s)) -- FAILED.

Build FAILED.

Time Elapsed 00:00:02.35
