Build started 11/18/2013 4:13:40 PM.
Project "\\vmware-host\Shared Folders\Ecole\Session 3\Automne\Application II\Water-Sand-Box\WaterSimulationTest\WaterSimulationTest.vcxproj" on node 2 (build target(s)).
InitializeBuildStatus:
  Touching "Debug\WaterSimulationTest.unsuccessfulbuild".
ClCompile:
  C:\Program Files (x86)\Microsoft Visual Studio 10.0\VC\bin\CL.exe /c /ZI /nologo /W3 /WX- /Od /Oy- /D WIN32 /D _DEBUG /D _CONSOLE /D _UNICODE /D UNICODE /Gm /EHsc /RTC1 /MDd /GS /fp:precise /Zc:wchar_t /Zc:forScope /Fo"Debug\\" /Fd"Debug\vc100.pdb" /Gd /TP /analyze- /errorReport:prompt FIELD_2D.cpp FIELD_3D.cpp glvu\glvu.cpp HW1.cpp PARTICLE.cpp PARTICLE_SYSTEM.cpp stdafx.cpp WALL.cpp WaterSimulationTest.cpp
  WaterSimulationTest.cpp
  WALL.cpp
c:\program files (x86)\microsoft visual studio 10.0\vc\include\stdlib.h(353): error C2381: 'exit' : redefinition; __declspec(noreturn) differs
          c:\program files (x86)\microsoft visual studio 10.0\vc\include\gl\glut.h(146) : see declaration of 'exit'
\\vmware-host\shared folders\ecole\session 3\automne\application ii\water-sand-box\watersimulationtest\wall.cpp(25): error C2065: 'M_PI' : undeclared identifier
\\vmware-host\shared folders\ecole\session 3\automne\application ii\water-sand-box\watersimulationtest\wall.cpp(26): error C2065: 'M_PI' : undeclared identifier
  stdafx.cpp
  PARTICLE_SYSTEM.cpp
c:\program files (x86)\microsoft visual studio 10.0\vc\include\stdlib.h(353): error C2381: 'exit' : redefinition; __declspec(noreturn) differs
          c:\program files (x86)\microsoft visual studio 10.0\vc\include\gl\glut.h(146) : see declaration of 'exit'
\\vmware-host\shared folders\ecole\session 3\automne\application ii\water-sand-box\watersimulationtest\particle_system.cpp(224): warning C4018: '<' : signed/unsigned mismatch
\\vmware-host\shared folders\ecole\session 3\automne\application ii\water-sand-box\watersimulationtest\particle_system.cpp(225): warning C4018: '<' : signed/unsigned mismatch
\\vmware-host\shared folders\ecole\session 3\automne\application ii\water-sand-box\watersimulationtest\particle_system.cpp(226): warning C4018: '<' : signed/unsigned mismatch
\\vmware-host\shared folders\ecole\session 3\automne\application ii\water-sand-box\watersimulationtest\particle_system.cpp(232): warning C4018: '<' : signed/unsigned mismatch
\\vmware-host\shared folders\ecole\session 3\automne\application ii\water-sand-box\watersimulationtest\particle_system.cpp(313): warning C4018: '<' : signed/unsigned mismatch
\\vmware-host\shared folders\ecole\session 3\automne\application ii\water-sand-box\watersimulationtest\particle_system.cpp(367): warning C4018: '<' : signed/unsigned mismatch
\\vmware-host\shared folders\ecole\session 3\automne\application ii\water-sand-box\watersimulationtest\particle_system.cpp(434): warning C4018: '<' : signed/unsigned mismatch
\\vmware-host\shared folders\ecole\session 3\automne\application ii\water-sand-box\watersimulationtest\particle_system.cpp(456): warning C4018: '<' : signed/unsigned mismatch
\\vmware-host\shared folders\ecole\session 3\automne\application ii\water-sand-box\watersimulationtest\particle_system.cpp(491): warning C4018: '<' : signed/unsigned mismatch
\\vmware-host\shared folders\ecole\session 3\automne\application ii\water-sand-box\watersimulationtest\particle_system.cpp(521): warning C4018: '<' : signed/unsigned mismatch
\\vmware-host\shared folders\ecole\session 3\automne\application ii\water-sand-box\watersimulationtest\particle_system.cpp(622): error C2065: 'M_PI' : undeclared identifier
\\vmware-host\shared folders\ecole\session 3\automne\application ii\water-sand-box\watersimulationtest\particle_system.cpp(630): error C2065: 'M_PI' : undeclared identifier
\\vmware-host\shared folders\ecole\session 3\automne\application ii\water-sand-box\watersimulationtest\particle_system.cpp(638): error C2065: 'M_PI' : undeclared identifier
\\vmware-host\shared folders\ecole\session 3\automne\application ii\water-sand-box\watersimulationtest\particle_system.cpp(646): error C2065: 'M_PI' : undeclared identifier
\\vmware-host\shared folders\ecole\session 3\automne\application ii\water-sand-box\watersimulationtest\particle_system.cpp(656): error C2065: 'M_PI' : undeclared identifier
\\vmware-host\shared folders\ecole\session 3\automne\application ii\water-sand-box\watersimulationtest\particle_system.cpp(672): warning C4018: '<' : signed/unsigned mismatch
\\vmware-host\shared folders\ecole\session 3\automne\application ii\water-sand-box\watersimulationtest\particle_system.cpp(682): warning C4018: '<' : signed/unsigned mismatch
\\vmware-host\shared folders\ecole\session 3\automne\application ii\water-sand-box\watersimulationtest\particle_system.cpp(706): warning C4018: '<' : signed/unsigned mismatch
\\vmware-host\shared folders\ecole\session 3\automne\application ii\water-sand-box\watersimulationtest\particle_system.cpp(721): warning C4018: '<' : signed/unsigned mismatch
  PARTICLE.cpp
c:\program files (x86)\microsoft visual studio 10.0\vc\include\stdlib.h(353): error C2381: 'exit' : redefinition; __declspec(noreturn) differs
          c:\program files (x86)\microsoft visual studio 10.0\vc\include\gl\glut.h(146) : see declaration of 'exit'
\\vmware-host\shared folders\ecole\session 3\automne\application ii\water-sand-box\watersimulationtest\particle.cpp(74): error C2065: 'M_PI' : undeclared identifier
\\vmware-host\shared folders\ecole\session 3\automne\application ii\water-sand-box\watersimulationtest\particle.cpp(75): error C2065: 'M_PI' : undeclared identifier
  HW1.cpp
\\vmware-host\shared folders\ecole\session 3\automne\application ii\water-sand-box\watersimulationtest\hw1.cpp(21): fatal error C1083: Cannot open include file: '../gluv/glvu.h': No such file or directory
  glvu.cpp
\\vmware-host\shared folders\ecole\session 3\automne\application ii\water-sand-box\watersimulationtest\glvu\glvu.h(29): fatal error C1083: Cannot open include file: 'glvuVec3f.h': No such file or directory
  FIELD_3D.cpp
  FIELD_2D.cpp
  Generating Code...
Done Building Project "\\vmware-host\Shared Folders\Ecole\Session 3\Automne\Application II\Water-Sand-Box\WaterSimulationTest\WaterSimulationTest.vcxproj" (build target(s)) -- FAILED.

Build FAILED.

Time Elapsed 00:00:03.93
